<?xml version="1.0" encoding="UTF-8"?>
<!-- Generated by org.testng.reporters.JUnitReportReporter -->
<testsuite hostname="Home" name="testCase.Verify_VelidLogin" tests="1" failures="0" timestamp="14 Apr 2017 11:25:24 GMT" time="56.492" errors="0">
  <testcase name="validLogin" time="56.492" classname="testCase.Verify_VelidLogin"/>
</testsuite> <!-- testCase.Verify_VelidLogin -->
